<?xml version="1.0" encoding="UTF-8"?>
<testng-results skipped="0" failed="0" total="2" passed="2">
  <reporter-output>
  </reporter-output>
  <suite name="Suite" duration-ms="24054" started-at="2019-05-26T19:57:29Z" finished-at="2019-05-26T19:57:53Z">
    <groups>
    </groups>
    <test name="ValidationTest" duration-ms="9898" started-at="2019-05-26T19:57:29Z" finished-at="2019-05-26T19:57:39Z">
      <class name="FaruqAcademy.ValidationTest">
        <test-method status="PASS" signature="getDriver()[pri:0, instance:FaruqAcademy.ValidationTest@619713e5]" name="getDriver" is-config="true" duration-ms="6787" started-at="2019-05-26T15:57:29Z" finished-at="2019-05-26T15:57:36Z">
          <reporter-output>
          </reporter-output>
        </test-method> <!-- getDriver -->
        <test-method status="PASS" signature="navigationpage()[pri:0, instance:FaruqAcademy.ValidationTest@619713e5]" name="navigationpage" duration-ms="798" started-at="2019-05-26T15:57:36Z" finished-at="2019-05-26T15:57:37Z">
          <reporter-output>
          </reporter-output>
        </test-method> <!-- navigationpage -->
        <test-method status="PASS" signature="teardown()[pri:0, instance:FaruqAcademy.ValidationTest@619713e5]" name="teardown" is-config="true" duration-ms="2302" started-at="2019-05-26T15:57:37Z" finished-at="2019-05-26T15:57:39Z">
          <reporter-output>
          </reporter-output>
        </test-method> <!-- teardown -->
      </class> <!-- FaruqAcademy.ValidationTest -->
    </test> <!-- ValidationTest -->
    <test name="LoginTest" duration-ms="14140" started-at="2019-05-26T19:57:39Z" finished-at="2019-05-26T19:57:53Z">
      <class name="FaruqAcademy.LoginTest">
        <test-method status="PASS" signature="getDriver()[pri:0, instance:FaruqAcademy.LoginTest@1d9b7cce]" name="getDriver" is-config="true" duration-ms="6415" started-at="2019-05-26T15:57:39Z" finished-at="2019-05-26T15:57:45Z">
          <reporter-output>
          </reporter-output>
        </test-method> <!-- getDriver -->
        <test-method status="PASS" signature="loginTest()[pri:0, instance:FaruqAcademy.LoginTest@1d9b7cce]" name="loginTest" duration-ms="5302" started-at="2019-05-26T15:57:45Z" finished-at="2019-05-26T15:57:51Z">
          <reporter-output>
          </reporter-output>
        </test-method> <!-- loginTest -->
        <test-method status="PASS" signature="teardown()[pri:0, instance:FaruqAcademy.LoginTest@1d9b7cce]" name="teardown" is-config="true" duration-ms="2423" started-at="2019-05-26T15:57:51Z" finished-at="2019-05-26T15:57:53Z">
          <reporter-output>
          </reporter-output>
        </test-method> <!-- teardown -->
      </class> <!-- FaruqAcademy.LoginTest -->
    </test> <!-- LoginTest -->
  </suite> <!-- Suite -->
</testng-results>
