<?xml version="1.0" encoding="UTF-8"?>
<testng-results skipped="0" failed="0" total="1" passed="1">
  <reporter-output>
  </reporter-output>
  <suite name="Default suite" duration-ms="17162" started-at="2019-05-26T19:43:18Z" finished-at="2019-05-26T19:43:35Z">
    <groups>
    </groups>
    <test name="Default test" duration-ms="17162" started-at="2019-05-26T19:43:18Z" finished-at="2019-05-26T19:43:35Z">
      <class name="FaruqAcademy.LoginTest">
        <test-method status="PASS" signature="getDriver()[pri:0, instance:FaruqAcademy.LoginTest@478190fc]" name="getDriver" is-config="true" duration-ms="10339" started-at="2019-05-26T15:43:18Z" finished-at="2019-05-26T15:43:28Z">
          <reporter-output>
          </reporter-output>
        </test-method> <!-- getDriver -->
        <test-method status="PASS" signature="loginTest()[pri:0, instance:FaruqAcademy.LoginTest@478190fc]" name="loginTest" duration-ms="4643" started-at="2019-05-26T15:43:28Z" finished-at="2019-05-26T15:43:33Z">
          <reporter-output>
          </reporter-output>
        </test-method> <!-- loginTest -->
        <test-method status="PASS" signature="teardown()[pri:0, instance:FaruqAcademy.LoginTest@478190fc]" name="teardown" is-config="true" duration-ms="2167" started-at="2019-05-26T15:43:33Z" finished-at="2019-05-26T15:43:35Z">
          <reporter-output>
          </reporter-output>
        </test-method> <!-- teardown -->
      </class> <!-- FaruqAcademy.LoginTest -->
    </test> <!-- Default test -->
  </suite> <!-- Default suite -->
</testng-results>
