<?xml version="1.0" encoding="UTF-8"?>
<!-- Generated by org.testng.reporters.JUnitXMLReporter -->
<testsuite hostname="DESKTOP-INQUNRP" name="Test" tests="1" failures="0" timestamp="10 Jan 2019 01:07:34 GMT" time="0.047" errors="0">
  <testcase name="@BeforeTest getDriver" time="0.0" classname="property.Home">
    <failure type="java.io.FileNotFoundException" message="C:\Users\Faruq\Documents\workspace-sts-3.9.1.RELEASE\ExcellSheet\src\test\java\property\data.properties (The system cannot find the path specified)">
      <![CDATA[java.io.FileNotFoundException: C:\Users\Faruq\Documents\workspace-sts-3.9.1.RELEASE\ExcellSheet\src\test\java\property\data.properties (The system cannot find the path specified)
	at java.io.FileInputStream.open0(Native Method)
	at java.io.FileInputStream.open(FileInputStream.java:195)
	at java.io.FileInputStream.<init>(FileInputStream.java:138)
	at java.io.FileInputStream.<init>(FileInputStream.java:93)
	at property.Base.intializeDriver(Base.java:22)
	at property.Home.getDriver(Home.java:13)
... Removed 22 stack frames]]>
    </failure>
  </testcase> <!-- @BeforeTest getDriver -->
  <testcase name="@AfterTest teardown" time="0.0" classname="property.Home">
    <skipped/>
  </testcase> <!-- @AfterTest teardown -->
  <testcase name="navigationpage" time="0.016" classname="property.Home">
    <skipped/>
  </testcase> <!-- navigationpage -->
</testsuite> <!-- Test -->
